<?xml version="1.0" encoding="UTF-8"?>
<!-- Generated by org.testng.reporters.JUnitXMLReporter -->
<testsuite ignored="1" hostname="LAPTOP-50I9GGAN" failures="0" tests="2" name="Test" time="42.355" errors="0" timestamp="2023-12-05T00:03:45 IST">
  <testcase classname="com.flipkart.action.searchItemAction" name="searchAnItem" time="15.245"/>
  <testcase classname="com.flipkart.action.searchItemAction" name="searchAnItem" time="14.87"/>
  <testcase classname="com.flipkart.action.searchItemAction" name="test2" time="0.0">
    <ignored/>
  </testcase> <!-- test2 -->
</testsuite> <!-- Test -->
