<?xml version="1.0" encoding="UTF-8"?>
<testng-results ignored="1" total="3" passed="2" failed="0" skipped="0">
  <reporter-output>
  </reporter-output>
  <suite started-at="2023-12-05T00:03:03 IST" name="Suite" finished-at="2023-12-05T00:03:45 IST" duration-ms="42355">
    <groups>
    </groups>
    <test started-at="2023-12-05T00:03:03 IST" name="Test" finished-at="2023-12-05T00:03:45 IST" duration-ms="42355">
      <class name="com.flipkart.action.searchItemAction">
        <test-method is-config="true" signature="createReport()[pri:0, instance:com.flipkart.action.searchItemAction@7770f470]" started-at="2023-12-05T00:03:03 IST" name="createReport" finished-at="2023-12-05T00:03:03 IST" duration-ms="226" status="PASS">
          <reporter-output>
          </reporter-output>
        </test-method> <!-- createReport -->
        <test-method is-config="true" signature="createTestReport()[pri:0, instance:com.flipkart.action.searchItemAction@7770f470]" started-at="2023-12-05T00:03:03 IST" name="createTestReport" finished-at="2023-12-05T00:03:10 IST" duration-ms="6213" status="PASS">
          <reporter-output>
          </reporter-output>
        </test-method> <!-- createTestReport -->
        <test-method signature="searchAnItem(java.lang.String)[pri:0, instance:com.flipkart.action.searchItemAction@7770f470]" started-at="2023-12-05T00:03:10 IST" name="searchAnItem" data-provider="flipkartSearchDP" finished-at="2023-12-05T00:03:25 IST" duration-ms="15245" status="PASS">
          <params>
            <param index="0">
              <value>
                <![CDATA[Kurta]]>
              </value>
            </param>
          </params>
          <reporter-output>
          </reporter-output>
        </test-method> <!-- searchAnItem -->
        <test-method is-config="true" signature="tearDown()[pri:0, instance:com.flipkart.action.searchItemAction@7770f470]" started-at="2023-12-05T00:03:25 IST" name="tearDown" finished-at="2023-12-05T00:03:25 IST" duration-ms="728" status="PASS">
          <reporter-output>
          </reporter-output>
        </test-method> <!-- tearDown -->
        <test-method is-config="true" signature="createTestReport()[pri:0, instance:com.flipkart.action.searchItemAction@7770f470]" started-at="2023-12-05T00:03:25 IST" name="createTestReport" finished-at="2023-12-05T00:03:30 IST" duration-ms="4704" status="PASS">
          <reporter-output>
          </reporter-output>
        </test-method> <!-- createTestReport -->
        <test-method signature="searchAnItem(java.lang.String)[pri:0, instance:com.flipkart.action.searchItemAction@7770f470]" started-at="2023-12-05T00:03:30 IST" name="searchAnItem" data-provider="flipkartSearchDP" finished-at="2023-12-05T00:03:45 IST" duration-ms="14870" status="PASS">
          <params>
            <param index="0">
              <value>
                <![CDATA[Mobile]]>
              </value>
            </param>
          </params>
          <reporter-output>
          </reporter-output>
        </test-method> <!-- searchAnItem -->
        <test-method is-config="true" signature="tearDown()[pri:0, instance:com.flipkart.action.searchItemAction@7770f470]" started-at="2023-12-05T00:03:45 IST" name="tearDown" finished-at="2023-12-05T00:03:45 IST" duration-ms="134" status="PASS">
          <reporter-output>
          </reporter-output>
        </test-method> <!-- tearDown -->
        <test-method is-config="true" signature="afterTest()[pri:0, instance:com.flipkart.action.searchItemAction@7770f470]" started-at="2023-12-05T00:03:45 IST" name="afterTest" finished-at="2023-12-05T00:03:46 IST" duration-ms="325" status="PASS">
          <reporter-output>
          </reporter-output>
        </test-method> <!-- afterTest -->
      </class> <!-- com.flipkart.action.searchItemAction -->
    </test> <!-- Test -->
  </suite> <!-- Suite -->
</testng-results>
